This is pdfeTeX, Version 3.141592-1.21a-2.2 (Web2C 7.5.4) (format=pdflatex 2015.9.28)  29 OCT 2015 17:22
entering extended mode
**Winship.tex
(./Winship.tex
LaTeX2e <2003/12/01>
Babel <v3.8d> and hyphenation patterns for american, french, german, ngerman, b
ahasa, basque, bulgarian, catalan, croatian, czech, danish, dutch, esperanto, e
stonian, finnish, greek, icelandic, irish, italian, latin, magyar, norsk, polis
h, portuges, romanian, russian, serbian, slovak, slovene, spanish, swedish, tur
kish, ukrainian, nohyphenation, loaded.
(/usr/share/texmf/tex/latex/beamer/beamer.cls
(/usr/share/texmf/tex/latex/beamer/beamerbasercs.sty
Package: beamerbasercs 2004/10/07 (rcs-revision 1.3)
)
Document Class: beamer 2004/10/11 cvs version 3.01 A class for typesetting pres
entations (rcs-revision 1.55)
(/usr/share/texmf/tex/latex/beamer/beamerbasemodes.sty
Package: beamerbasemodes 2004/10/07 (rcs-revision 1.20)
\beamer@tempbox=\box26
\beamer@tempcount=\count79
\c@beamerpauses=\count80

(/usr/share/texmf/tex/latex/beamer/beamerbasedecode.sty
Package: beamerbasedecode 2004/10/07 (rcs-revision 1.16)
\beamer@slideinframe=\count81
\beamer@minimum=\count82
)
\beamer@commentbox=\box27
\beamer@modecount=\count83
)
\headheight=\dimen102
\headdp=\dimen103
\footheight=\dimen104
\sidebarheight=\dimen105
\beamer@tempdim=\dimen106
\beamer@finalheight=\dimen107
\beamer@animht=\dimen108
\beamer@animdp=\dimen109
\beamer@animwd=\dimen110
\beamer@leftmargin=\dimen111
\beamer@rightmargin=\dimen112
\beamer@leftsidebar=\dimen113
\beamer@rightsidebar=\dimen114
\beamer@boxsize=\dimen115
\beamer@vboxoffset=\dimen116
\beamer@descdefault=\dimen117
\beamer@descriptionwidth=\dimen118
\beamer@lastskip=\skip41
\beamer@areabox=\box28
\beamer@animcurrent=\box29
\beamer@animshowbox=\box30
\beamer@sectionbox=\box31
\beamer@logobox=\box32
\beamer@linebox=\box33
\beamer@sectioncount=\count84
\beamer@subsectionmax=\count85
\beamer@sectionmax=\count86
\beamer@totalheads=\count87
\beamer@headcounter=\count88
\beamer@partstartpage=\count89
\beamer@sectionstartpage=\count90
\beamer@subsectionstartpage=\count91
\beamer@animationtempa=\count92
\beamer@animationtempb=\count93
\beamer@xpos=\count94
\beamer@ypos=\count95
\beamer@showpartnumber=\count96
\beamer@currentsubsection=\count97
\beamer@coveringdepth=\count98
\beamer@sectionadjust=\count99
\beamer@tocsectionnumber=\count100

(/usr/share/texmf/tex/latex/beamer/beamerbaseoptions.sty
Package: beamerbaseoptions 2004/10/07 (rcs-revision 1.6)

(/usr/share/texmf/tex/latex/graphics/keyval.sty
Package: keyval 1999/03/16 v1.13 key=value parser (DPC)
\KV@toks@=\toks14
))
(/usr/share/texmf/tex/latex/pgf/pgf.sty
Package: pgf 2004/10/08 ver 0.65
\pgf@objectcount=\count101

(/usr/share/texmf/tex/latex/graphics/graphicx.sty
Package: graphicx 1999/02/16 v1.0f Enhanced LaTeX Graphics (DPC,SPQR)

(/usr/share/texmf/tex/latex/graphics/graphics.sty
Package: graphics 2001/07/07 v1.0n Standard LaTeX Graphics (DPC,SPQR)

(/usr/share/texmf/tex/latex/graphics/trig.sty
Package: trig 1999/03/16 v1.09 sin cos tan (DPC)
)
(/usr/share/texmf/tex/latex/graphics/graphics.cfg
File: graphics.cfg 2005/02/03 v1.3 graphics configuration of teTeX/TeXLive
)
Package graphics Info: Driver file: pdftex.def on input line 80.

(/usr/share/texmf/tex/latex/graphics/pdftex.def
File: pdftex.def 2002/06/19 v0.03k graphics/color for pdftex
\Gread@gobject=\count102
))
\Gin@req@height=\dimen119
\Gin@req@width=\dimen120
)
(/usr/share/texmf/tex/latex/xcolor/xcolor.sty
Package: xcolor 2004/07/04 v2.00 LaTeX color extensions (UK)

(/usr/share/texmf/tex/latex/graphics/color.cfg
File: color.cfg 2005/02/03 v1.3 color configuration of teTeX/TeXLive
)
Package xcolor Info: Driver file: pdftex.def on input line 136.
Package xcolor Info: Color model `cmy' added on input line 972.
Package xcolor Info: Color model `hsb' added on input line 980.
Package xcolor Info: Color model `HTML' added on input line 1000.
Package xcolor Info: Color model `HSB' added on input line 1006.
Package xcolor Info: Color model `Gray' added on input line 1012.
)
\pgfex=\dimen121
\pgfem=\dimen122
\pgf@linewidth=\dimen123
\pgfpic=\box34
\pgf@hbox=\box35
\pgf@tempbox=\box36
\pgf@aax=\dimen124
\pgf@aay=\dimen125
\pgf@abx=\dimen126
\pgf@aby=\dimen127
\pgf@bax=\dimen128
\pgf@bay=\dimen129
\pgf@bbx=\dimen130
\pgf@bby=\dimen131
\pgf@tempdim=\dimen132
\pgf@x=\dimen133
\pgf@y=\dimen134
\pgf@xa=\dimen135
\pgf@ya=\dimen136
\pgf@xb=\dimen137
\pgf@yb=\dimen138
\pgf@xc=\dimen139
\pgf@yc=\dimen140
\pgfobjectbox=\box37
\pgf@xx=\dimen141
\pgf@xy=\dimen142
\pgf@yx=\dimen143
\pgf@yy=\dimen144
\pgf@zx=\dimen145
\pgf@zy=\dimen146
\pgf@counta=\count103
\pgf@countb=\count104
)
(/usr/share/texmf/tex/latex/pgf/xxcolor.sty
Package: xxcolor 2003/10/24 ver 0.1
\XC@nummixins=\count105
\XC@countmixins=\count106
)
(/usr/share/texmf/tex/latex/amsfonts/amssymb.sty
Package: amssymb 2002/01/22 v2.2d

(/usr/share/texmf/tex/latex/amsfonts/amsfonts.sty
Package: amsfonts 2001/10/25 v2.2f
\@emptytoks=\toks15
\symAMSa=\mathgroup4
\symAMSb=\mathgroup5
LaTeX Font Info:    Overwriting math alphabet `\mathfrak' in version `bold'
(Font)                  U/euf/m/n --> U/euf/b/n on input line 132.
))
(/usr/share/texmf/tex/latex/geometry/geometry.sty
Package: geometry 2002/07/08 v3.2 Page Geometry
\Gm@cnth=\count107
\Gm@cntv=\count108
\c@Gm@tempcnt=\count109
\Gm@bindingoffset=\dimen147
\Gm@wd@mp=\dimen148
\Gm@odd@mp=\dimen149
\Gm@even@mp=\dimen150
\Gm@dimlist=\toks16

(/usr/share/texmf/tex/latex/geometry/geometry.cfg))
(/usr/share/texmf/tex/latex/hyperref/hyperref.sty
Package: hyperref 2003/11/30 v6.74m Hypertext links for LaTeX
\@linkdim=\dimen151
\Hy@linkcounter=\count110
\Hy@pagecounter=\count111

(/usr/share/texmf/tex/latex/hyperref/pd1enc.def
File: pd1enc.def 2003/11/30 v6.74m Hyperref: PDFDocEncoding definition (HO)
)
(/usr/share/texmf/tex/latex/hyperref/hyperref.cfg
File: hyperref.cfg 2002/06/06 v1.2 hyperref configuration of TeXLive and teTeX
)
Package hyperref Info: Option `draft' set `true' on input line 1830.
Package hyperref Info: Option `bookmarks' set `true' on input line 1830.
Package hyperref Info: Option `bookmarksopen' set `true' on input line 1830.
Package hyperref Info: Option `pdfpagelabels' set `false' on input line 1830.
Package hyperref Info: Option `implicit' set `false' on input line 1830.
Package hyperref Info: Hyper figures OFF on input line 1880.
Package hyperref Info: Link nesting OFF on input line 1885.
Package hyperref Info: Hyper index ON on input line 1888.
Package hyperref Info: Plain pages ON on input line 1893.
Package hyperref Info: Backreferencing OFF on input line 1900.

Implicit mode OFF; no redefinition of LaTeX internals
Package hyperref Info: Bookmarks ON on input line 2004.
(/usr/share/texmf/tex/latex/url/url.sty
\Urlmuskip=\muskip10
Package: url 2004/03/15  ver 3.1  Verb mode for urls, etc.
)
LaTeX Info: Redefining \url on input line 2143.
\Fld@menulength=\count112
\Field@Width=\dimen152
\Fld@charsize=\dimen153
\Choice@toks=\toks17
\Field@toks=\toks18
Package hyperref Info: Hyper figures OFF on input line 2618.
Package hyperref Info: Link nesting OFF on input line 2623.
Package hyperref Info: Hyper index ON on input line 2626.
Package hyperref Info: backreferencing OFF on input line 2633.
Package hyperref Info: Link coloring OFF on input line 2638.

Hyperref stopped early
)
*hyperref using default driver hpdftex*
(/usr/share/texmf/tex/latex/hyperref/hpdftex.def
File: hpdftex.def 2003/11/30 v6.74m Hyperref driver for pdfTeX

(/usr/share/texmf/tex/latex/psnfss/pifont.sty
Package: pifont 2004/09/15 PSNFSS-v9.2 Pi font support (SPQR) 
LaTeX Font Info:    Try loading font information for U+pzd on input line 63.

(/usr/share/texmf/tex/latex/psnfss/upzd.fd
File: upzd.fd 2001/06/04 font definitions for U/pzd.
)
LaTeX Font Info:    Try loading font information for U+psy on input line 64.

(/usr/share/texmf/tex/latex/psnfss/upsy.fd
File: upsy.fd 2001/06/04 font definitions for U/psy.
))
\Fld@listcount=\count113
\@outlinefile=\write3
)
(/usr/share/texmf/tex/latex/base/size11.clo
File: size11.clo 2004/02/16 v1.4f Standard LaTeX file (size option)
)
(/usr/share/texmf/tex/latex/beamer/beamerbasecompatibility.sty
Package: beamerbasecompatibility 2004/11/01 (rcs-revision 1.56)
)
(/usr/share/texmf/tex/latex/beamer/beamerbasefont.sty
Package: beamerbasefont 2004/10/07 (rcs-revision 1.11)
LaTeX Font Info:    Overwriting symbol font `operators' in version `normal'
(Font)                  OT1/cmr/m/n --> OT1/cmss/m/n on input line 170.
LaTeX Font Info:    Overwriting symbol font `operators' in version `bold'
(Font)                  OT1/cmr/bx/n --> OT1/cmss/bx/n on input line 173.
)
(/usr/share/texmf/tex/latex/beamer/beamerbasemisc.sty
Package: beamerbasemisc 2004/10/07 (rcs-revision 1.19)
)
(/usr/share/texmf/tex/latex/beamer/beamerbaseoverlay.sty
Package: beamerbaseoverlay 2004/10/26 (rcs-revision 1.47)
\beamer@argscount=\count114
\beamer@lastskipcover=\skip42
\beamer@trivlistdepth=\count115
)
(/usr/share/texmf/tex/latex/beamer/beamerbasetitle.sty
Package: beamerbasetitle 2004/11/01 (rcs-revision 1.22)
)
(/usr/share/texmf/tex/latex/beamer/beamerbasesection.sty
Package: beamerbasesection 2004/10/14 (rcs-revision 1.15)
\c@lecture=\count116
\c@part=\count117
\c@section=\count118
\c@subsection=\count119
)
(/usr/share/texmf/tex/latex/beamer/beamerbaseframe.sty
Package: beamerbaseframe 2004/11/01 (rcs-revision 1.47)
\beamer@framebox=\box38
\beamer@frametitlebox=\box39
\beamer@zoombox=\box40
\beamer@zoomcount=\count120
\beamer@zoomframecount=\count121
\beamer@frametextheight=\dimen154
\c@subsectionslide=\count122
\beamer@frametopskip=\skip43
\beamer@framebottomskip=\skip44
\beamer@frametopskipautobreak=\skip45
\beamer@framebottomskipautobreak=\skip46
\beamer@envbody=\toks19
\c@framenumber=\count123
)
(/usr/share/texmf/tex/latex/beamer/beamerbaseverbatim.sty
Package: beamerbaseverbatim 2004/10/13 (rcs-revision 1.2)
\beamer@verbatimfileout=\write4
)
(/usr/share/texmf/tex/latex/beamer/beamerbaseframesize.sty
Package: beamerbaseframesize 2004/10/20 (rcs-revision 1.9)
\beamer@splitbox=\box41
\beamer@autobreakcount=\count124
\beamer@frametitletoks=\toks20
\beamer@framesubtitletoks=\toks21
)
(/usr/share/texmf/tex/latex/beamer/beamerbaseframecomponents.sty
Package: beamerbaseframecomponents 2004/11/01 (rcs-revision 1.39)
\beamer@footins=\box42
)
(/usr/share/texmf/tex/latex/beamer/beamerbasecolor.sty
Package: beamerbasecolor 2004/10/28 (rcs-revision 1.38)
)
(/usr/share/texmf/tex/latex/beamer/beamerbasenotes.sty
Package: beamerbasenotes 2004/10/08 (rcs-revision 1.14)
\beamer@frameboxcopy=\box43
)
(/usr/share/texmf/tex/latex/beamer/beamerbasetoc.sty
Package: beamerbasetoc 2004/10/07 (rcs-revision 1.19)
)
(/usr/share/texmf/tex/latex/beamer/beamerbasetemplates.sty
Package: beamerbasetemplates 2004/10/07 (rcs-revision 1.50)
\beamer@sbttoks=\toks22

(/usr/share/texmf/tex/latex/beamer/beamerbaseauxtemplates.sty
Package: beamerbaseauxtemplates 2004/10/28 (rcs-revision 1.21)

(/usr/share/texmf/tex/latex/pgf/pgfshade.sty
Package: pgfshade 2004/10/08 ver 0.64
\pgf@max=\dimen155
)
(/usr/share/texmf/tex/latex/beamer/beamerbaseboxes.sty
Package: beamerbaseboxes 2004/10/28 (rcs-revision 1.22)
\bmb@box=\box44
\bmb@colorbox=\box45
\bmb@boxshadow=\box46
\bmb@boxshadowball=\box47
\bmb@boxshadowballlarge=\box48
\bmb@temp=\dimen156
\bmb@dima=\dimen157
\bmb@dimb=\dimen158
\bmb@prevheight=\dimen159
)
\beamer@blockheadheight=\dimen160
))
(/usr/share/texmf/tex/latex/beamer/beamerbaselocalstructure.sty
Package: beamerbaselocalstructure 2004/11/01 (rcs-revision 1.50)

(/usr/share/texmf/tex/latex/tools/enumerate.sty
Package: enumerate 1999/03/05 v3.00 enumerate extensions (DPC)
\@enLab=\toks23
)
\c@figure=\count125
\c@table=\count126
\abovecaptionskip=\skip47
\belowcaptionskip=\skip48
)
(/usr/share/texmf/tex/latex/beamer/beamerbasenavigation.sty
Package: beamerbasenavigation 2004/11/01 (rcs-revision 1.30)
)
(/usr/share/texmf/tex/latex/beamer/beamerbasetheorems.sty
Package: beamerbasetheorems 2004/10/07 (rcs-revision 1.6)

(/usr/share/texmf/tex/latex/amsmath/amsmath.sty
Package: amsmath 2000/07/18 v2.13 AMS math features
\@mathmargin=\skip49

For additional information on amsmath, use the `?' option.
(/usr/share/texmf/tex/latex/amsmath/amstext.sty
Package: amstext 2000/06/29 v2.01

(/usr/share/texmf/tex/latex/amsmath/amsgen.sty
File: amsgen.sty 1999/11/30 v2.0
\@emptytoks=\toks24
\ex@=\dimen161
))
(/usr/share/texmf/tex/latex/amsmath/amsbsy.sty
Package: amsbsy 1999/11/29 v1.2d
\pmbraise@=\dimen162
)
(/usr/share/texmf/tex/latex/amsmath/amsopn.sty
Package: amsopn 1999/12/14 v2.01 operator names
)
\inf@bad=\count127
LaTeX Info: Redefining \frac on input line 211.
\uproot@=\count128
\leftroot@=\count129
LaTeX Info: Redefining \overline on input line 307.
\classnum@=\count130
\DOTSCASE@=\count131
LaTeX Info: Redefining \ldots on input line 379.
LaTeX Info: Redefining \dots on input line 382.
LaTeX Info: Redefining \cdots on input line 467.
\Mathstrutbox@=\box49
\strutbox@=\box50
\big@size=\dimen163
LaTeX Font Info:    Redeclaring font encoding OML on input line 567.
LaTeX Font Info:    Redeclaring font encoding OMS on input line 568.
\macc@depth=\count132
\c@MaxMatrixCols=\count133
\dotsspace@=\muskip11
\c@parentequation=\count134
\dspbrk@lvl=\count135
\tag@help=\toks25
\row@=\count136
\column@=\count137
\maxfields@=\count138
\andhelp@=\toks26
\eqnshift@=\dimen164
\alignsep@=\dimen165
\tagshift@=\dimen166
\tagwidth@=\dimen167
\totwidth@=\dimen168
\lineht@=\dimen169
\@envbody=\toks27
\multlinegap=\skip50
\multlinetaggap=\skip51
\mathdisplay@stack=\toks28
LaTeX Info: Redefining \[ on input line 2666.
LaTeX Info: Redefining \] on input line 2667.
)
(/usr/share/texmf/tex/latex/amscls/amsthm.sty
Package: amsthm 2004/08/06 v2.20
\thm@style=\toks29
\thm@bodyfont=\toks30
\thm@headfont=\toks31
\thm@notefont=\toks32
\thm@headpunct=\toks33
\thm@preskip=\skip52
\thm@postskip=\skip53
\thm@headsep=\skip54
\dth@everypar=\toks34
)
\c@theorem=\count139
)
(/usr/share/texmf/tex/latex/beamer/beamerbasethemes.sty
Package: beamerbasethemes 2004/10/07 (rcs-revision 1.9)
)
(/usr/share/texmf/tex/latex/beamer/beamerthemedefault.sty
Package: beamerthemedefault 2004/10/07 (rcs-revision 1.6)

(/usr/share/texmf/tex/latex/beamer/beamerfontthemedefault.sty
Package: beamerfontthemedefault 2004/10/07 (rcs-revision 1.10)
)
(/usr/share/texmf/tex/latex/beamer/beamercolorthemedefault.sty
Package: beamercolorthemedefault 2004/10/07 (rcs-revision 1.25)
)
(/usr/share/texmf/tex/latex/beamer/beamerinnerthemedefault.sty
Package: beamerinnerthemedefault 2004/10/28 (rcs-revision 1.16)
\beamer@dima=\dimen170
\beamer@dimb=\dimen171
)
(/usr/share/texmf/tex/latex/beamer/beamerouterthemedefault.sty
Package: beamerouterthemedefault 2004/10/07 (rcs-revision 1.6)
)))
(./beamerthemeuclposter.sty (./beamerthemeucl.sty (./beamercolorthemeucl.sty
(./uclcolors.sty
Package: uclcolors 
) (./etoolbox.sty
Package: etoolbox 2015/08/02 v2.2a e-TeX tools for LaTeX (JAW)
 (/usr/share/texmf/tex/latex/etex/etex.sty
Package: etex 1998/03/26 v2.0 eTeX basic definition package (PEB)
\et@xins=\count140
)
\etb@tempcnta=\count141
))
(/usr/share/texmf/tex/latex/tools/calc.sty
Package: calc 1998/07/07 v4.1b Infix arithmetic (KKT,FJ)
\calc@Acount=\count142
\calc@Bcount=\count143
\calc@Adimen=\dimen172
\calc@Bdimen=\dimen173
\calc@Askip=\skip55
\calc@Bskip=\skip56
LaTeX Info: Redefining \setlength on input line 59.
LaTeX Info: Redefining \addtolength on input line 60.
\calc@denominator=\count144
)
\bannerheight=\skip57
\stripeheight=\skip58
\bannerimagetrim=\skip59

Warning: pdflatex (file banners/uclbannerblack.pdf): pdf inclusion: found pdf v
ersion <1.6>, but at most version <1.4> allowed
<banners/uclbannerblack.pdf, id=9, 364.19562pt x 29.02182pt>
File: banners/uclbannerblack.pdf Graphic file (type pdf)

<use banners/uclbannerblack.pdf>
(/usr/share/texmf/tex/latex/beamer/beamerinnerthemerectangles.sty
Package: beamerinnerthemerectangles 2004/10/07 (rcs-revision 1.3)
)
(/usr/share/texmf/tex/latex/psnfss/helvet.sty
Package: helvet 2004/09/15 PSNFSS-v9.2 (WaS) 
)
(/usr/share/texmf/tex/latex/eulervm/eulervm.sty
Package: eulervm 2005/01/11 v4.0 (WaS)
)))
(/usr/share/texmf/tex/latex/psnfss/times.sty
Package: times 2004/09/15 PSNFSS-v9.2 (SPQR) 
)
(/usr/share/texmf/tex/latex/base/latexsym.sty
Package: latexsym 1998/08/17 v2.2e Standard LaTeX package (lasy symbols)
\symlasy=\mathgroup6
LaTeX Font Info:    Overwriting symbol font `lasy' in version `bold'
(Font)                  U/lasy/m/n --> U/lasy/b/n on input line 47.
)
(/usr/share/texmf/tex/generic/babel/babel.sty
Package: babel 2004/11/20 v3.8d The Babel package

(/usr/share/texmf/tex/generic/babel/english.ldf
Language: english 2004/06/14 v3.3o English support from the babel system

(/usr/share/texmf/tex/generic/babel/babel.def
File: babel.def 2004/11/20 v3.8d Babel common definitions
LaTeX Info: Redefining \textlatin on input line 82.
\babel@savecnt=\count145
\U@D=\dimen174
)
\l@british = a dialect from \language\l@english 
\l@UKenglish = a dialect from \language\l@english 
\l@canadian = a dialect from \language\l@american 
\l@australian = a dialect from \language\l@british 
\l@newzealand = a dialect from \language\l@british 
))
(/usr/share/texmf/tex/latex/base/inputenc.sty
Package: inputenc 2004/02/05 v1.0d Input encoding file

(/usr/share/texmf/tex/latex/base/latin1.def
File: latin1.def 2004/02/05 v1.0d Input encoding file
)) (./beamerposter.sty
Package: 2008/03/11. v.1.07. beamerposter: latex-beamer poster extension
Package: beamerposter 2008/03/11. v.1.07. beamerposter: latex-beamer poster ext
ension
(./xkeyval.sty
Package: xkeyval 2006/11/18 v2.5f package option processing (HA)
 (./xkeyval.tex
\XKV@toks=\toks35
\XKV@depth=\count146
File: xkeyval.tex 2006/11/18 v2.5f key=value parser (HA)
)) (/usr/share/texmf/tex/latex/type1cm/type1cm.sty
Package: type1cm 2002/09/05 v0.04 BlueSky/Y&Y Type1 CM font definitions (DPC, p
atched RF)
)
beamerposter: checking size input, please wait.
beamerposter: the input a0\ 1\ was correct, we proceed.
beamerposter: finished size input check.
beamerposter: myfontscale=1.0
beamerposter: checking orientation input, please wait.
beamerposter: the input landscape\ 1\ was correct, we proceed.
beamerposter: finished orientation check.
beamerposter: checking size input, please wait.
beamerposter: the input a0\ 1\ was correct, we proceed.
beamerposter: finished size input check.
beamerposter: myfontscale=1.4
beamerposter: enabled debug mode
(/usr/share/texmf/tex/latex/fp/fp.sty
Package: fp 1995/04/02

`Fixed Point Package', Version 0.8, April 2, 1995 (C) Michael Mehlich
(/usr/share/texmf/tex/latex/fp/defpattern.sty
Package: defpattern 1994/10/12
\actioncount=\count147
)
(/usr/share/texmf/tex/latex/fp/fp-basic.sty
Package: fp-basic 1996/05/13
\FP@xs=\count148
\FP@xia=\count149
\FP@xib=\count150
\FP@xfa=\count151
\FP@xfb=\count152
\FP@rega=\count153
\FP@regb=\count154
\FP@regs=\count155
\FP@times=\count156
)
(/usr/share/texmf/tex/latex/fp/fp-addons.sty
Package: fp-addons 1995/03/15
)
(/usr/share/texmf/tex/latex/fp/fp-snap.sty
Package: fp-snap 1995/04/05
)
(/usr/share/texmf/tex/latex/fp/fp-exp.sty
Package: fp-exp 1995/04/03
)
(/usr/share/texmf/tex/latex/fp/fp-trigo.sty
Package: fp-trigo 1995/04/14
)
(/usr/share/texmf/tex/latex/fp/fp-pas.sty
Package: fp-pas 1994/08/29
)
(/usr/share/texmf/tex/latex/fp/fp-random.sty
Package: fp-random 1995/02/23
\FPseed=\count157
)
(/usr/share/texmf/tex/latex/fp/fp-eqn.sty
Package: fp-eqn 1995/04/03
)
(/usr/share/texmf/tex/latex/fp/fp-upn.sty
Package: fp-upn 1996/10/21
)
(/usr/share/texmf/tex/latex/fp/fp-eval.sty
Package: fp-eval 1995/04/03
))
beamerposter: paperwidth=3380.75665pt, paperheight=2388.89357pt
beamerposter: textwidth=3352.3039pt, textwidth=2360.44081pt
( FP-UPN
FP debug: upn: +++ computing upn-expression "myfontscale fontSizeX * 2 round"
FP debug: upn: calculating "myfontscale"
FP debug: upn: result      "1.4"
FP debug: upn: calculating "fontSizeX"
FP debug: upn: result      "12"
FP debug: upn: calculating "12 mul 1.4"
( FP-MUL )
FP debug: upn: result      "16.800000000000000000"
FP debug: upn: calculating "2"
FP debug: upn: result      "2"
FP debug: upn: calculating "round(16.800000000000000000:2)"
( FP-ROUND )
FP debug: upn: result      "16.80"
FP debug: upn: +++ result of upn-expression is "(16.80)"
) ( FP-UPN
FP debug: upn: +++ computing upn-expression "myfontscale fontSizeY * 2 round"
FP debug: upn: calculating "myfontscale"
FP debug: upn: result      "1.4"
FP debug: upn: calculating "fontSizeY"
FP debug: upn: result      "14"
FP debug: upn: calculating "14 mul 1.4"
( FP-MUL )
FP debug: upn: result      "19.600000000000000000"
FP debug: upn: calculating "2"
FP debug: upn: result      "2"
FP debug: upn: calculating "round(19.600000000000000000:2)"
( FP-ROUND )
FP debug: upn: result      "19.60"
FP debug: upn: +++ result of upn-expression is "(19.60)"
) ( FP-UPN
FP debug: upn: +++ computing upn-expression "myfontscale fontSizeX * 2 round"
FP debug: upn: calculating "myfontscale"
FP debug: upn: result      "1.4"
FP debug: upn: calculating "fontSizeX"
FP debug: upn: result      "14.4"
FP debug: upn: calculating "14.4 mul 1.4"
( FP-MUL )
FP debug: upn: result      "20.160000000000000000"
FP debug: upn: calculating "2"
FP debug: upn: result      "2"
FP debug: upn: calculating "round(20.160000000000000000:2)"
( FP-ROUND )
FP debug: upn: result      "20.16"
FP debug: upn: +++ result of upn-expression is "(20.16)"
) ( FP-UPN
FP debug: upn: +++ computing upn-expression "myfontscale fontSizeY * 2 round"
FP debug: upn: calculating "myfontscale"
FP debug: upn: result      "1.4"
FP debug: upn: calculating "fontSizeY"
FP debug: upn: result      "18"
FP debug: upn: calculating "18 mul 1.4"
( FP-MUL )
FP debug: upn: result      "25.200000000000000000"
FP debug: upn: calculating "2"
FP debug: upn: result      "2"
FP debug: upn: calculating "round(25.200000000000000000:2)"
( FP-ROUND )
FP debug: upn: result      "25.20"
FP debug: upn: +++ result of upn-expression is "(25.20)"
) ( FP-UPN
FP debug: upn: +++ computing upn-expression "myfontscale fontSizeX * 2 round"
FP debug: upn: calculating "myfontscale"
FP debug: upn: result      "1.4"
FP debug: upn: calculating "fontSizeX"
FP debug: upn: result      "17.28"
FP debug: upn: calculating "17.28 mul 1.4"
( FP-MUL )
FP debug: upn: result      "24.192000000000000000"
FP debug: upn: calculating "2"
FP debug: upn: result      "2"
FP debug: upn: calculating "round(24.192000000000000000:2)"
( FP-ROUND )
FP debug: upn: result      "24.19"
FP debug: upn: +++ result of upn-expression is "(24.19)"
) ( FP-UPN
FP debug: upn: +++ computing upn-expression "myfontscale fontSizeY * 2 round"
FP debug: upn: calculating "myfontscale"
FP debug: upn: result      "1.4"
FP debug: upn: calculating "fontSizeY"
FP debug: upn: result      "22"
FP debug: upn: calculating "22 mul 1.4"
( FP-MUL )
FP debug: upn: result      "30.800000000000000000"
FP debug: upn: calculating "2"
FP debug: upn: result      "2"
FP debug: upn: calculating "round(30.800000000000000000:2)"
( FP-ROUND )
FP debug: upn: result      "30.80"
FP debug: upn: +++ result of upn-expression is "(30.80)"
) ( FP-UPN
FP debug: upn: +++ computing upn-expression "myfontscale fontSizeX * 2 round"
FP debug: upn: calculating "myfontscale"
FP debug: upn: result      "1.4"
FP debug: upn: calculating "fontSizeX"
FP debug: upn: result      "20.74"
FP debug: upn: calculating "20.74 mul 1.4"
( FP-MUL )
FP debug: upn: result      "29.036000000000000000"
FP debug: upn: calculating "2"
FP debug: upn: result      "2"
FP debug: upn: calculating "round(29.036000000000000000:2)"
( FP-ROUND )
FP debug: upn: result      "29.04"
FP debug: upn: +++ result of upn-expression is "(29.04)"
) ( FP-UPN
FP debug: upn: +++ computing upn-expression "myfontscale fontSizeY * 2 round"
FP debug: upn: calculating "myfontscale"
FP debug: upn: result      "1.4"
FP debug: upn: calculating "fontSizeY"
FP debug: upn: result      "25"
FP debug: upn: calculating "25 mul 1.4"
( FP-MUL )
FP debug: upn: result      "35.000000000000000000"
FP debug: upn: calculating "2"
FP debug: upn: result      "2"
FP debug: upn: calculating "round(35.000000000000000000:2)"
( FP-ROUND )
FP debug: upn: result      "35.00"
FP debug: upn: +++ result of upn-expression is "(35.00)"
) ( FP-UPN
FP debug: upn: +++ computing upn-expression "myfontscale fontSizeX * 2 round"
FP debug: upn: calculating "myfontscale"
FP debug: upn: result      "1.4"
FP debug: upn: calculating "fontSizeX"
FP debug: upn: result      "24.88"
FP debug: upn: calculating "24.88 mul 1.4"
( FP-MUL )
FP debug: upn: result      "34.832000000000000000"
FP debug: upn: calculating "2"
FP debug: upn: result      "2"
FP debug: upn: calculating "round(34.832000000000000000:2)"
( FP-ROUND )
FP debug: upn: result      "34.83"
FP debug: upn: +++ result of upn-expression is "(34.83)"
) ( FP-UPN
FP debug: upn: +++ computing upn-expression "myfontscale fontSizeY * 2 round"
FP debug: upn: calculating "myfontscale"
FP debug: upn: result      "1.4"
FP debug: upn: calculating "fontSizeY"
FP debug: upn: result      "30"
FP debug: upn: calculating "30 mul 1.4"
( FP-MUL )
FP debug: upn: result      "42.000000000000000000"
FP debug: upn: calculating "2"
FP debug: upn: result      "2"
FP debug: upn: calculating "round(42.000000000000000000:2)"
( FP-ROUND )
FP debug: upn: result      "42.00"
FP debug: upn: +++ result of upn-expression is "(42.00)"
) ( FP-UPN
FP debug: upn: +++ computing upn-expression "myfontscale fontSizeX * 2 round"
FP debug: upn: calculating "myfontscale"
FP debug: upn: result      "1.4"
FP debug: upn: calculating "fontSizeX"
FP debug: upn: result      "29.86"
FP debug: upn: calculating "29.86 mul 1.4"
( FP-MUL )
FP debug: upn: result      "41.804000000000000000"
FP debug: upn: calculating "2"
FP debug: upn: result      "2"
FP debug: upn: calculating "round(41.804000000000000000:2)"
( FP-ROUND )
FP debug: upn: result      "41.80"
FP debug: upn: +++ result of upn-expression is "(41.80)"
) ( FP-UPN
FP debug: upn: +++ computing upn-expression "myfontscale fontSizeY * 2 round"
FP debug: upn: calculating "myfontscale"
FP debug: upn: result      "1.4"
FP debug: upn: calculating "fontSizeY"
FP debug: upn: result      "37"
FP debug: upn: calculating "37 mul 1.4"
( FP-MUL )
FP debug: upn: result      "51.800000000000000000"
FP debug: upn: calculating "2"
FP debug: upn: result      "2"
FP debug: upn: calculating "round(51.800000000000000000:2)"
( FP-ROUND )
FP debug: upn: result      "51.80"
FP debug: upn: +++ result of upn-expression is "(51.80)"
) ( FP-UPN
FP debug: upn: +++ computing upn-expression "myfontscale fontSizeX * 2 round"
FP debug: upn: calculating "myfontscale"
FP debug: upn: result      "1.4"
FP debug: upn: calculating "fontSizeX"
FP debug: upn: result      "35.83"
FP debug: upn: calculating "35.83 mul 1.4"
( FP-MUL )
FP debug: upn: result      "50.162000000000000000"
FP debug: upn: calculating "2"
FP debug: upn: result      "2"
FP debug: upn: calculating "round(50.162000000000000000:2)"
( FP-ROUND )
FP debug: upn: result      "50.16"
FP debug: upn: +++ result of upn-expression is "(50.16)"
) ( FP-UPN
FP debug: upn: +++ computing upn-expression "myfontscale fontSizeY * 2 round"
FP debug: upn: calculating "myfontscale"
FP debug: upn: result      "1.4"
FP debug: upn: calculating "fontSizeY"
FP debug: upn: result      "45"
FP debug: upn: calculating "45 mul 1.4"
( FP-MUL )
FP debug: upn: result      "63.000000000000000000"
FP debug: upn: calculating "2"
FP debug: upn: result      "2"
FP debug: upn: calculating "round(63.000000000000000000:2)"
( FP-ROUND )
FP debug: upn: result      "63.00"
FP debug: upn: +++ result of upn-expression is "(63.00)"
) ( FP-UPN
FP debug: upn: +++ computing upn-expression "myfontscale fontSizeX * 2 round"
FP debug: upn: calculating "myfontscale"
FP debug: upn: result      "1.4"
FP debug: upn: calculating "fontSizeX"
FP debug: upn: result      "43"
FP debug: upn: calculating "43 mul 1.4"
( FP-MUL )
FP debug: upn: result      "60.200000000000000000"
FP debug: upn: calculating "2"
FP debug: upn: result      "2"
FP debug: upn: calculating "round(60.200000000000000000:2)"
( FP-ROUND )
FP debug: upn: result      "60.20"
FP debug: upn: +++ result of upn-expression is "(60.20)"
) ( FP-UPN
FP debug: upn: +++ computing upn-expression "myfontscale fontSizeY * 2 round"
FP debug: upn: calculating "myfontscale"
FP debug: upn: result      "1.4"
FP debug: upn: calculating "fontSizeY"
FP debug: upn: result      "54"
FP debug: upn: calculating "54 mul 1.4"
( FP-MUL )
FP debug: upn: result      "75.600000000000000000"
FP debug: upn: calculating "2"
FP debug: upn: result      "2"
FP debug: upn: calculating "round(75.600000000000000000:2)"
( FP-ROUND )
FP debug: upn: result      "75.60"
FP debug: upn: +++ result of upn-expression is "(75.60)"
) ( FP-UPN
FP debug: upn: +++ computing upn-expression "myfontscale fontSizeX * 2 round"
FP debug: upn: calculating "myfontscale"
FP debug: upn: result      "1.4"
FP debug: upn: calculating "fontSizeX"
FP debug: upn: result      "51.6"
FP debug: upn: calculating "51.6 mul 1.4"
( FP-MUL )
FP debug: upn: result      "72.240000000000000000"
FP debug: upn: calculating "2"
FP debug: upn: result      "2"
FP debug: upn: calculating "round(72.240000000000000000:2)"
( FP-ROUND )
FP debug: upn: result      "72.24"
FP debug: upn: +++ result of upn-expression is "(72.24)"
) ( FP-UPN
FP debug: upn: +++ computing upn-expression "myfontscale fontSizeY * 2 round"
FP debug: upn: calculating "myfontscale"
FP debug: upn: result      "1.4"
FP debug: upn: calculating "fontSizeY"
FP debug: upn: result      "64"
FP debug: upn: calculating "64 mul 1.4"
( FP-MUL )
FP debug: upn: result      "89.600000000000000000"
FP debug: upn: calculating "2"
FP debug: upn: result      "2"
FP debug: upn: calculating "round(89.600000000000000000:2)"
( FP-ROUND )
FP debug: upn: result      "89.60"
FP debug: upn: +++ result of upn-expression is "(89.60)"
) ( FP-UPN
FP debug: upn: +++ computing upn-expression "myfontscale fontSizeX * 2 round"
FP debug: upn: calculating "myfontscale"
FP debug: upn: result      "1.4"
FP debug: upn: calculating "fontSizeX"
FP debug: upn: result      "61.92"
FP debug: upn: calculating "61.92 mul 1.4"
( FP-MUL )
FP debug: upn: result      "86.688000000000000000"
FP debug: upn: calculating "2"
FP debug: upn: result      "2"
FP debug: upn: calculating "round(86.688000000000000000:2)"
( FP-ROUND )
FP debug: upn: result      "86.69"
FP debug: upn: +++ result of upn-expression is "(86.69)"
) ( FP-UPN
FP debug: upn: +++ computing upn-expression "myfontscale fontSizeY * 2 round"
FP debug: upn: calculating "myfontscale"
FP debug: upn: result      "1.4"
FP debug: upn: calculating "fontSizeY"
FP debug: upn: result      "77"
FP debug: upn: calculating "77 mul 1.4"
( FP-MUL )
FP debug: upn: result      "107.800000000000000000"
FP debug: upn: calculating "2"
FP debug: upn: result      "2"
FP debug: upn: calculating "round(107.800000000000000000:2)"
( FP-ROUND )
FP debug: upn: result      "107.80"
FP debug: upn: +++ result of upn-expression is "(107.80)"
) ( FP-UPN
FP debug: upn: +++ computing upn-expression "myfontscale fontSizeX * 2 round"
FP debug: upn: calculating "myfontscale"
FP debug: upn: result      "1.4"
FP debug: upn: calculating "fontSizeX"
FP debug: upn: result      "74.3"
FP debug: upn: calculating "74.3 mul 1.4"
( FP-MUL )
FP debug: upn: result      "104.020000000000000000"
FP debug: upn: calculating "2"
FP debug: upn: result      "2"
FP debug: upn: calculating "round(104.020000000000000000:2)"
( FP-ROUND )
FP debug: upn: result      "104.02"
FP debug: upn: +++ result of upn-expression is "(104.02)"
) ( FP-UPN
FP debug: upn: +++ computing upn-expression "myfontscale fontSizeY * 2 round"
FP debug: upn: calculating "myfontscale"
FP debug: upn: result      "1.4"
FP debug: upn: calculating "fontSizeY"
FP debug: upn: result      "93"
FP debug: upn: calculating "93 mul 1.4"
( FP-MUL )
FP debug: upn: result      "130.200000000000000000"
FP debug: upn: calculating "2"
FP debug: upn: result      "2"
FP debug: upn: calculating "round(130.200000000000000000:2)"
( FP-ROUND )
FP debug: upn: result      "130.20"
FP debug: upn: +++ result of upn-expression is "(130.20)"
) ( FP-UPN
FP debug: upn: +++ computing upn-expression "myfontscale fontSizeX * 2 round"
FP debug: upn: calculating "myfontscale"
FP debug: upn: result      "1.4"
FP debug: upn: calculating "fontSizeX"
FP debug: upn: result      "89.16"
FP debug: upn: calculating "89.16 mul 1.4"
( FP-MUL )
FP debug: upn: result      "124.824000000000000000"
FP debug: upn: calculating "2"
FP debug: upn: result      "2"
FP debug: upn: calculating "round(124.824000000000000000:2)"
( FP-ROUND )
FP debug: upn: result      "124.82"
FP debug: upn: +++ result of upn-expression is "(124.82)"
) ( FP-UPN
FP debug: upn: +++ computing upn-expression "myfontscale fontSizeY * 2 round"
FP debug: upn: calculating "myfontscale"
FP debug: upn: result      "1.4"
FP debug: upn: calculating "fontSizeY"
FP debug: upn: result      "112"
FP debug: upn: calculating "112 mul 1.4"
( FP-MUL )
FP debug: upn: result      "156.800000000000000000"
FP debug: upn: calculating "2"
FP debug: upn: result      "2"
FP debug: upn: calculating "round(156.800000000000000000:2)"
( FP-ROUND )
FP debug: upn: result      "156.80"
FP debug: upn: +++ result of upn-expression is "(156.80)"
) ( FP-UPN
FP debug: upn: +++ computing upn-expression "myfontscale fontSizeX * 2 round"
FP debug: upn: calculating "myfontscale"
FP debug: upn: result      "1.4"
FP debug: upn: calculating "fontSizeX"
FP debug: upn: result      "107"
FP debug: upn: calculating "107 mul 1.4"
( FP-MUL )
FP debug: upn: result      "149.800000000000000000"
FP debug: upn: calculating "2"
FP debug: upn: result      "2"
FP debug: upn: calculating "round(149.800000000000000000:2)"
( FP-ROUND )
FP debug: upn: result      "149.80"
FP debug: upn: +++ result of upn-expression is "(149.80)"
) ( FP-UPN
FP debug: upn: +++ computing upn-expression "myfontscale fontSizeY * 2 round"
FP debug: upn: calculating "myfontscale"
FP debug: upn: result      "1.4"
FP debug: upn: calculating "fontSizeY"
FP debug: upn: result      "134"
FP debug: upn: calculating "134 mul 1.4"
( FP-MUL )
FP debug: upn: result      "187.600000000000000000"
FP debug: upn: calculating "2"
FP debug: upn: result      "2"
FP debug: upn: calculating "round(187.600000000000000000:2)"
( FP-ROUND )
FP debug: upn: result      "187.60"
FP debug: upn: +++ result of upn-expression is "(187.60)"
)) (./Winship.aux)
\openout1 = `Winship.aux'.

LaTeX Font Info:    Checking defaults for OML/cmm/m/it on input line 28.
LaTeX Font Info:    ... okay on input line 28.
LaTeX Font Info:    Checking defaults for T1/cmr/m/n on input line 28.
LaTeX Font Info:    ... okay on input line 28.
LaTeX Font Info:    Checking defaults for OT1/cmr/m/n on input line 28.
LaTeX Font Info:    ... okay on input line 28.
LaTeX Font Info:    Checking defaults for OMS/cmsy/m/n on input line 28.
LaTeX Font Info:    ... okay on input line 28.
LaTeX Font Info:    Checking defaults for OMX/cmex/m/n on input line 28.
LaTeX Font Info:    ... okay on input line 28.
LaTeX Font Info:    Checking defaults for U/cmr/m/n on input line 28.
LaTeX Font Info:    ... okay on input line 28.
LaTeX Font Info:    Checking defaults for PD1/pdf/m/n on input line 28.
LaTeX Font Info:    ... okay on input line 28.
LaTeX Font Info:    Try loading font information for OT1+phv on input line 28.
 (/usr/share/texmf/tex/latex/psnfss/ot1phv.fd
File: ot1phv.fd 2001/06/04 scalable font definitions for OT1/phv.
)
LaTeX Font Info:    Font shape `OT1/phv/m/n' will be
(Font)              scaled to size 33.0884pt on input line 28.

(/usr/share/texmf/tex/context/base/supp-pdf.tex
(/usr/share/texmf/tex/context/base/supp-mis.tex
loading : Context Support Macros / Miscellaneous (2004.10.26)
\protectiondepth=\count158
\scratchcounter=\count159
\scratchtoks=\toks36
\scratchdimen=\dimen175
\scratchskip=\skip60
\scratchmuskip=\muskip12
\scratchbox=\box51
\scratchread=\read1
\scratchwrite=\write5
\zeropoint=\dimen176
\onepoint=\dimen177
\onebasepoint=\dimen178
\minusone=\count160
\thousandpoint=\dimen179
\onerealpoint=\dimen180
\emptytoks=\toks37
\nextbox=\box52
\nextdepth=\dimen181
\everyline=\toks38
\!!counta=\count161
\!!countb=\count162
\recursecounter=\count163
)
loading : Context Support Macros / PDF (2004.03.26)
\nofMPsegments=\count164
\nofMParguments=\count165
\MPscratchCnt=\count166
\MPscratchDim=\dimen182
\MPnumerator=\count167
\everyMPtoPDFconversion=\toks39
)
-------------------- Geometry parameters
paper: user defined
landscape: --
twocolumn: --
twoside: --
asymmetric: --
h-parts: 28.45274pt, 3323.85117pt, 28.45274pt
v-parts: 0.0pt, 2388.89357pt, 0.0pt
hmarginratio: --
vmarginratio: --
lines: --
heightrounded: --
bindingoffset: 0.0pt
truedimen: --
includehead: true
includefoot: true
includemp: --
driver: pdftex
-------------------- Page layout dimensions and switches
\paperwidth  3380.75665pt
\paperheight 2388.89357pt
\textwidth  3323.85117pt
\textheight 2360.44084pt
\oddsidemargin  -43.81725pt
\evensidemargin -43.81725pt
\topmargin  -72.26999pt
\headheight 14.22636pt
\headsep    0.0pt
\footskip   14.22636pt
\marginparwidth 4.0pt
\marginparsep   10.0pt
\columnsep  10.0pt
\skip\footins  10.0pt plus 4.0pt minus 2.0pt
\hoffset 0.0pt
\voffset 0.0pt
\mag 1000

(1in=72.27pt, 1cm=28.45pt)
-----------------------
Package hyperref Info: Link coloring OFF on input line 28.
 (/usr/share/texmf/tex/latex/hyperref/nameref.sty
Package: nameref 2003/12/03 v2.21 Cross-referencing by name of section
\c@section@level=\count168
)
LaTeX Info: Redefining \ref on input line 28.
LaTeX Info: Redefining \pageref on input line 28.
 (./Winship.out)
(./Winship.out)
\openout3 = `Winship.out'.

\symnumbers=\mathgroup7
\sympureletters=\mathgroup8
LaTeX Font Info:    Overwriting math alphabet `\mathrm' in version `normal'
(Font)                  OT1/phv/m/n --> OT1/ptm/m/n on input line 28.
LaTeX Font Info:    Redeclaring math alphabet \mathbf on input line 28.
LaTeX Font Info:    Overwriting math alphabet `\mathbf' in version `normal'
(Font)                  OT1/cmr/b/n --> OT1/phv/bx/n on input line 28.
LaTeX Font Info:    Overwriting math alphabet `\mathbf' in version `bold'
(Font)                  OT1/cmr/b/n --> OT1/phv/bx/n on input line 28.
LaTeX Font Info:    Redeclaring math alphabet \mathsf on input line 28.
LaTeX Font Info:    Overwriting math alphabet `\mathsf' in version `normal'
(Font)                  OT1/phv/m/n --> OT1/phv/m/n on input line 28.
LaTeX Font Info:    Overwriting math alphabet `\mathsf' in version `bold'
(Font)                  OT1/phv/b/n --> OT1/phv/m/n on input line 28.
LaTeX Font Info:    Redeclaring math alphabet \mathit on input line 28.
LaTeX Font Info:    Overwriting math alphabet `\mathit' in version `normal'
(Font)                  OT1/cmr/m/it --> OT1/phv/m/it on input line 28.
LaTeX Font Info:    Overwriting math alphabet `\mathit' in version `bold'
(Font)                  OT1/cmr/b/it --> OT1/phv/m/it on input line 28.
LaTeX Font Info:    Redeclaring math alphabet \mathtt on input line 28.
LaTeX Font Info:    Overwriting math alphabet `\mathtt' in version `normal'
(Font)                  OT1/cmtt/m/n --> OT1/pcr/m/n on input line 28.
LaTeX Font Info:    Overwriting math alphabet `\mathtt' in version `bold'
(Font)                  OT1/cmtt/b/n --> OT1/pcr/m/n on input line 28.
LaTeX Font Info:    Overwriting symbol font `numbers' in version `bold'
(Font)                  OT1/phv/m/n --> OT1/phv/bx/n on input line 28.
LaTeX Font Info:    Overwriting symbol font `pureletters' in version `bold'
(Font)                  OT1/phv/m/it --> OT1/phv/bx/it on input line 28.
LaTeX Font Info:    Overwriting math alphabet `\mathrm' in version `bold'
(Font)                  OT1/phv/b/n --> OT1/ptm/bx/n on input line 28.
LaTeX Font Info:    Overwriting math alphabet `\mathbf' in version `bold'
(Font)                  OT1/phv/bx/n --> OT1/phv/bx/n on input line 28.
LaTeX Font Info:    Overwriting math alphabet `\mathsf' in version `bold'
(Font)                  OT1/phv/m/n --> OT1/phv/bx/n on input line 28.
LaTeX Font Info:    Overwriting math alphabet `\mathit' in version `bold'
(Font)                  OT1/phv/m/it --> OT1/phv/bx/it on input line 28.
LaTeX Font Info:    Overwriting math alphabet `\mathtt' in version `bold'
(Font)                  OT1/pcr/m/n --> OT1/pcr/bx/n on input line 28.
 (./Winship.nav)
LaTeX Font Info:    Font shape `OT1/phv/m/n' will be
(Font)              scaled to size 15.95995pt on input line 28.
LaTeX Font Info:    Font shape `OT1/phv/m/n' will be
(Font)              scaled to size 68.62778pt on input line 28.
LaTeX Font Info:    Font shape `OT1/phv/m/n' will be
(Font)              scaled to size 47.65184pt on input line 28.
LaTeX Font Info:    Font shape `OT1/phv/m/n' will be
(Font)              scaled to size 39.70987pt on input line 298.
LaTeX Font Info:    Font shape `OT1/phv/bx/n' in size <34.83> not available
(Font)              Font shape `OT1/phv/b/n' tried instead on input line 298.
LaTeX Font Info:    Font shape `OT1/phv/b/n' will be
(Font)              scaled to size 33.0884pt on input line 298.

</cluster/project8/vyp/Winship_GVHD/claire/results/mhc1_ko/figs/PCA_prettier.pd
f, id=12, 722.7pt x 505.89pt>
File: /cluster/project8/vyp/Winship_GVHD/claire/results/mhc1_ko/figs/PCA_pretti
er.pdf Graphic file (type pdf)

<use /cluster/project8/vyp/Winship_GVHD/claire/results/mhc1_ko/figs/PCA_prettie
r.pdf>
Overfull \hbox (10.90413pt too wide) in paragraph at lines 298--298
[][] 
 []

LaTeX Font Info:    Calculating math sizes for size <34.83> on input line 298.
LaTeX Font Info:    Font shape `OT1/phv/b/n' will be
(Font)              scaled to size 23.16176pt on input line 298.
LaTeX Font Info:    Font shape `OT1/phv/b/n' will be
(Font)              scaled to size 16.54419pt on input line 298.
LaTeX Font Info:    Try loading font information for U+zeur on input line 298.
(/usr/share/texmf/tex/latex/eulervm/uzeur.fd
File: uzeur.fd 2005/01/11 v4.0 (WaS)
)
LaTeX Font Info:    Try loading font information for U+zeus on input line 298.

(/usr/share/texmf/tex/latex/eulervm/uzeus.fd
File: uzeus.fd 2005/01/11 v4.0 (WaS)
)
LaTeX Font Info:    Try loading font information for U+zeuex on input line 298.


(/usr/share/texmf/tex/latex/eulervm/uzeuex.fd
File: uzeuex.fd 2005/01/11 v4.0 (WaS)
)
LaTeX Font Info:    Font shape `OT1/phv/bx/n' in size <24.38089> not available
(Font)              Font shape `OT1/phv/b/n' tried instead on input line 298.
LaTeX Font Info:    Font shape `OT1/phv/b/n' will be
(Font)              scaled to size 23.16176pt on input line 298.
LaTeX Font Info:    Font shape `OT1/phv/bx/n' in size <17.415> not available
(Font)              Font shape `OT1/phv/b/n' tried instead on input line 298.
LaTeX Font Info:    Font shape `OT1/phv/b/n' will be
(Font)              scaled to size 16.54419pt on input line 298.
LaTeX Font Info:    Font shape `OT1/phv/bx/it' in size <34.83> not available
(Font)              Font shape `OT1/phv/b/it' tried instead on input line 298.
LaTeX Font Info:    Font shape `OT1/phv/b/it' in size <34.83> not available
(Font)              Font shape `OT1/phv/b/sl' tried instead on input line 298.
LaTeX Font Info:    Font shape `OT1/phv/b/sl' will be
(Font)              scaled to size 33.0884pt on input line 298.
LaTeX Font Info:    Font shape `OT1/phv/bx/it' in size <24.38089> not available

(Font)              Font shape `OT1/phv/b/it' tried instead on input line 298.
LaTeX Font Info:    Font shape `OT1/phv/b/it' in size <24.38089> not available
(Font)              Font shape `OT1/phv/b/sl' tried instead on input line 298.
LaTeX Font Info:    Font shape `OT1/phv/b/sl' will be
(Font)              scaled to size 23.16176pt on input line 298.
LaTeX Font Info:    Font shape `OT1/phv/bx/it' in size <17.415> not available
(Font)              Font shape `OT1/phv/b/it' tried instead on input line 298.
LaTeX Font Info:    Font shape `OT1/phv/b/it' in size <17.415> not available
(Font)              Font shape `OT1/phv/b/sl' tried instead on input line 298.
LaTeX Font Info:    Font shape `OT1/phv/b/sl' will be
(Font)              scaled to size 16.54419pt on input line 298.

</cluster/project8/vyp/Winship_GVHD/claire/results/mhc1_ko/figs/PCA_prettier_ou
tlier_removed.pdf, id=13, 722.7pt x 361.35pt>
File: /cluster/project8/vyp/Winship_GVHD/claire/results/mhc1_ko/figs/PCA_pretti
er_outlier_removed.pdf Graphic file (type pdf)

<use /cluster/project8/vyp/Winship_GVHD/claire/results/mhc1_ko/figs/PCA_prettie
r_outlier_removed.pdf>
Overfull \hbox (10.90413pt too wide) in paragraph at lines 298--298
[][] 
 []

LaTeX Font Info:    Font shape `OT1/phv/m/n' will be
(Font)              scaled to size 27.58789pt on input line 298.
LaTeX Font Info:    Calculating math sizes for size <29.04> on input line 298.
LaTeX Font Info:    Font shape `OT1/phv/b/n' will be
(Font)              scaled to size 27.58789pt on input line 298.
LaTeX Font Info:    Font shape `OT1/phv/b/n' will be
(Font)              scaled to size 19.31143pt on input line 298.
LaTeX Font Info:    Font shape `OT1/phv/b/n' will be
(Font)              scaled to size 13.79393pt on input line 298.
LaTeX Font Info:    Font shape `OT1/phv/bx/n' in size <29.04> not available
(Font)              Font shape `OT1/phv/b/n' tried instead on input line 298.
LaTeX Font Info:    Font shape `OT1/phv/b/n' will be
(Font)              scaled to size 27.58789pt on input line 298.
LaTeX Font Info:    Font shape `OT1/phv/bx/n' in size <20.3279> not available
(Font)              Font shape `OT1/phv/b/n' tried instead on input line 298.
LaTeX Font Info:    Font shape `OT1/phv/b/n' will be
(Font)              scaled to size 19.31143pt on input line 298.
LaTeX Font Info:    Font shape `OT1/phv/bx/n' in size <14.51999> not available
(Font)              Font shape `OT1/phv/b/n' tried instead on input line 298.
LaTeX Font Info:    Font shape `OT1/phv/b/n' will be
(Font)              scaled to size 13.79393pt on input line 298.
LaTeX Font Info:    Font shape `OT1/phv/bx/it' in size <29.04> not available
(Font)              Font shape `OT1/phv/b/it' tried instead on input line 298.
LaTeX Font Info:    Font shape `OT1/phv/b/it' in size <29.04> not available
(Font)              Font shape `OT1/phv/b/sl' tried instead on input line 298.
LaTeX Font Info:    Font shape `OT1/phv/b/sl' will be
(Font)              scaled to size 27.58789pt on input line 298.
LaTeX Font Info:    Font shape `OT1/phv/bx/it' in size <20.3279> not available
(Font)              Font shape `OT1/phv/b/it' tried instead on input line 298.
LaTeX Font Info:    Font shape `OT1/phv/b/it' in size <20.3279> not available
(Font)              Font shape `OT1/phv/b/sl' tried instead on input line 298.
LaTeX Font Info:    Font shape `OT1/phv/b/sl' will be
(Font)              scaled to size 19.31143pt on input line 298.
LaTeX Font Info:    Font shape `OT1/phv/bx/it' in size <14.51999> not available

(Font)              Font shape `OT1/phv/b/it' tried instead on input line 298.
LaTeX Font Info:    Font shape `OT1/phv/b/it' in size <14.51999> not available
(Font)              Font shape `OT1/phv/b/sl' tried instead on input line 298.
LaTeX Font Info:    Font shape `OT1/phv/b/sl' will be
(Font)              scaled to size 13.79393pt on input line 298.

</cluster/project8/vyp/Winship_GVHD/claire/results/mhc1_ko/figs/D7_histogram.pd
f, id=14, 505.89pt x 505.89pt>
File: /cluster/project8/vyp/Winship_GVHD/claire/results/mhc1_ko/figs/D7_histogr
am.pdf Graphic file (type pdf)

<use /cluster/project8/vyp/Winship_GVHD/claire/results/mhc1_ko/figs/D7_histogra
m.pdf>
Overfull \hbox (10.90413pt too wide) in paragraph at lines 298--298
[][] 
 []


</cluster/project8/vyp/Winship_GVHD/claire/results/mhc1_ko/figs/D42_histogram.p
df, id=15, 505.89pt x 505.89pt>
File: /cluster/project8/vyp/Winship_GVHD/claire/results/mhc1_ko/figs/D42_histog
ram.pdf Graphic file (type pdf)

<use /cluster/project8/vyp/Winship_GVHD/claire/results/mhc1_ko/figs/D42_histogr
am.pdf>
Overfull \hbox (10.90413pt too wide) in paragraph at lines 298--298
[][] 
 []


</cluster/project8/vyp/Winship_GVHD/claire/results/mhc1_ko/figs/D42WT_VS_D42KO_
coarse_module_association_graph.pdf, id=16, 505.89pt x 505.89pt>
File: /cluster/project8/vyp/Winship_GVHD/claire/results/mhc1_ko/figs/D42WT_VS_D
42KO_coarse_module_association_graph.pdf Graphic file (type pdf)

<use /cluster/project8/vyp/Winship_GVHD/claire/results/mhc1_ko/figs/D42WT_VS_D4
2KO_coarse_module_association_graph.pdf>
Overfull \hbox (10.90413pt too wide) in paragraph at lines 298--298
[][] 
 []


</cluster/project8/vyp/Winship_GVHD/claire/results/mhc1_ko/figs/D42WT_VS_D42KO_
fine_module_association_graph.pdf, id=17, 505.89pt x 505.89pt>
File: /cluster/project8/vyp/Winship_GVHD/claire/results/mhc1_ko/figs/D42WT_VS_D
42KO_fine_module_association_graph.pdf Graphic file (type pdf)

<use /cluster/project8/vyp/Winship_GVHD/claire/results/mhc1_ko/figs/D42WT_VS_D4
2KO_fine_module_association_graph.pdf>
Overfull \hbox (10.90413pt too wide) in paragraph at lines 298--298
[][] 
 []

LaTeX Font Info:    Font shape `OT1/phv/m/n' will be
(Font)              scaled to size 19.15193pt on input line 298.
LaTeX Font Info:    Calculating math sizes for size <20.16> on input line 298.
LaTeX Font Info:    Font shape `OT1/phv/b/n' will be
(Font)              scaled to size 19.15193pt on input line 298.
LaTeX Font Info:    Font shape `OT1/phv/b/n' will be
(Font)              scaled to size 13.4063pt on input line 298.
LaTeX Font Info:    Font shape `OT1/phv/b/n' will be
(Font)              scaled to size 9.57596pt on input line 298.
LaTeX Font Info:    Font shape `OT1/phv/bx/n' in size <20.16> not available
(Font)              Font shape `OT1/phv/b/n' tried instead on input line 298.
LaTeX Font Info:    Font shape `OT1/phv/b/n' will be
(Font)              scaled to size 19.15193pt on input line 298.
LaTeX Font Info:    Font shape `OT1/phv/bx/n' in size <14.11194> not available
(Font)              Font shape `OT1/phv/b/n' tried instead on input line 298.
LaTeX Font Info:    Font shape `OT1/phv/b/n' will be
(Font)              scaled to size 13.4063pt on input line 298.
LaTeX Font Info:    Font shape `OT1/phv/bx/n' in size <10.08> not available
(Font)              Font shape `OT1/phv/b/n' tried instead on input line 298.
LaTeX Font Info:    Font shape `OT1/phv/b/n' will be
(Font)              scaled to size 9.57596pt on input line 298.
LaTeX Font Info:    Font shape `OT1/phv/bx/it' in size <20.16> not available
(Font)              Font shape `OT1/phv/b/it' tried instead on input line 298.
LaTeX Font Info:    Font shape `OT1/phv/b/it' in size <20.16> not available
(Font)              Font shape `OT1/phv/b/sl' tried instead on input line 298.
LaTeX Font Info:    Font shape `OT1/phv/b/sl' will be
(Font)              scaled to size 19.15193pt on input line 298.
LaTeX Font Info:    Font shape `OT1/phv/bx/it' in size <14.11194> not available

(Font)              Font shape `OT1/phv/b/it' tried instead on input line 298.
LaTeX Font Info:    Font shape `OT1/phv/b/it' in size <14.11194> not available
(Font)              Font shape `OT1/phv/b/sl' tried instead on input line 298.
LaTeX Font Info:    Font shape `OT1/phv/b/sl' will be
(Font)              scaled to size 13.4063pt on input line 298.
LaTeX Font Info:    Font shape `OT1/phv/bx/it' in size <10.08> not available
(Font)              Font shape `OT1/phv/b/it' tried instead on input line 298.
LaTeX Font Info:    Font shape `OT1/phv/b/it' in size <10.08> not available
(Font)              Font shape `OT1/phv/b/sl' tried instead on input line 298.
LaTeX Font Info:    Font shape `OT1/phv/b/sl' will be
(Font)              scaled to size 9.57596pt on input line 298.

</cluster/project8/vyp/Winship_GVHD/claire/results/epi_dermis_PLN/figs/PCA_pret
tier.pdf, id=18, 722.7pt x 505.89pt>
File: /cluster/project8/vyp/Winship_GVHD/claire/results/epi_dermis_PLN/figs/PCA
_prettier.pdf Graphic file (type pdf)

<use /cluster/project8/vyp/Winship_GVHD/claire/results/epi_dermis_PLN/figs/PCA_
prettier.pdf>
</cluster/project8/vyp/Winship_GVHD/claire/results/syn_allo_bmt/figs/BMT_male_v
s_BMT_female_histogram.pdf, id=19, 505.89pt x 505.89pt>
File: /cluster/project8/vyp/Winship_GVHD/claire/results/syn_allo_bmt/figs/BMT_m
ale_vs_BMT_female_histogram.pdf Graphic file (type pdf)

<use /cluster/project8/vyp/Winship_GVHD/claire/results/syn_allo_bmt/figs/BMT_ma
le_vs_BMT_female_histogram.pdf>
</cluster/project8/vyp/Winship_GVHD/claire/results/syn_allo_bmt/figs/BMT_female
_vs_naive_male_histogram.pdf, id=20, 505.89pt x 505.89pt>
File: /cluster/project8/vyp/Winship_GVHD/claire/results/syn_allo_bmt/figs/BMT_f
emale_vs_naive_male_histogram.pdf Graphic file (type pdf)

<use /cluster/project8/vyp/Winship_GVHD/claire/results/syn_allo_bmt/figs/BMT_fe
male_vs_naive_male_histogram.pdf>
</cluster/project8/vyp/Winship_GVHD/claire/results/syn_allo_bmt/figs/BMT_male_v
s_BMT_female_coarse_module_association_graph.pdf, id=21, 505.89pt x 505.89pt>
File: /cluster/project8/vyp/Winship_GVHD/claire/results/syn_allo_bmt/figs/BMT_m
ale_vs_BMT_female_coarse_module_association_graph.pdf Graphic file (type pdf)

<use /cluster/project8/vyp/Winship_GVHD/claire/results/syn_allo_bmt/figs/BMT_ma
le_vs_BMT_female_coarse_module_association_graph.pdf>
</cluster/project8/vyp/Winship_GVHD/claire/results/syn_allo_bmt/figs/BMT_female
_vs_naive_male_coarse_module_association_graph.pdf, id=22, 505.89pt x 505.89pt>
File: /cluster/project8/vyp/Winship_GVHD/claire/results/syn_allo_bmt/figs/BMT_f
emale_vs_naive_male_coarse_module_association_graph.pdf Graphic file (type pdf)


<use /cluster/project8/vyp/Winship_GVHD/claire/results/syn_allo_bmt/figs/BMT_fe
male_vs_naive_male_coarse_module_association_graph.pdf>
</cluster/project8/vyp/Winship_GVHD/claire/results/syn_allo_bmt/figs/BMT_female
_vs_naive_male_fine_module_association_graph.pdf, id=23, 505.89pt x 505.89pt>
File: /cluster/project8/vyp/Winship_GVHD/claire/results/syn_allo_bmt/figs/BMT_f
emale_vs_naive_male_fine_module_association_graph.pdf Graphic file (type pdf)

<use /cluster/project8/vyp/Winship_GVHD/claire/results/syn_allo_bmt/figs/BMT_fe
male_vs_naive_male_fine_module_association_graph.pdf>
</cluster/project8/vyp/Winship_GVHD/claire/results/syn_allo_bmt/figs/BMT_male_v
s_naive_male_coarse_module_association_graph.pdf, id=24, 505.89pt x 505.89pt>
File: /cluster/project8/vyp/Winship_GVHD/claire/results/syn_allo_bmt/figs/BMT_m
ale_vs_naive_male_coarse_module_association_graph.pdf Graphic file (type pdf)

<use /cluster/project8/vyp/Winship_GVHD/claire/results/syn_allo_bmt/figs/BMT_ma
le_vs_naive_male_coarse_module_association_graph.pdf>
</cluster/project8/vyp/Winship_GVHD/claire/results/syn_allo_bmt/figs/BMT_male_v
s_naive_male_fine_module_association_graph.pdf, id=25, 505.89pt x 505.89pt>
File: /cluster/project8/vyp/Winship_GVHD/claire/results/syn_allo_bmt/figs/BMT_m
ale_vs_naive_male_fine_module_association_graph.pdf Graphic file (type pdf)

<use /cluster/project8/vyp/Winship_GVHD/claire/results/syn_allo_bmt/figs/BMT_ma
le_vs_naive_male_fine_module_association_graph.pdf>
</cluster/project8/vyp/Winship_GVHD/claire/results/syn_allo_bmt/figs/PCA_pretti
er.pdf, id=26, 722.7pt x 505.89pt>
File: /cluster/project8/vyp/Winship_GVHD/claire/results/syn_allo_bmt/figs/PCA_p
rettier.pdf Graphic file (type pdf)

<use /cluster/project8/vyp/Winship_GVHD/claire/results/syn_allo_bmt/figs/PCA_pr
ettier.pdf>
</cluster/project8/vyp/Winship_GVHD/claire/results/epi_dermis_PLN/figs/dermis_v
s_dermisDT_histogram.pdf, id=27, 505.89pt x 505.89pt>
File: /cluster/project8/vyp/Winship_GVHD/claire/results/epi_dermis_PLN/figs/der
mis_vs_dermisDT_histogram.pdf Graphic file (type pdf)

<use /cluster/project8/vyp/Winship_GVHD/claire/results/epi_dermis_PLN/figs/derm
is_vs_dermisDT_histogram.pdf>
</cluster/project8/vyp/Winship_GVHD/claire/results/epi_dermis_PLN/figs/epidermi
s_vs_epidermisDT_histogram.pdf, id=28, 505.89pt x 505.89pt>
File: /cluster/project8/vyp/Winship_GVHD/claire/results/epi_dermis_PLN/figs/epi
dermis_vs_epidermisDT_histogram.pdf Graphic file (type pdf)

<use /cluster/project8/vyp/Winship_GVHD/claire/results/epi_dermis_PLN/figs/epid
ermis_vs_epidermisDT_histogram.pdf>
</cluster/project8/vyp/Winship_GVHD/claire/results/epi_dermis_PLN/figs/PLN_vs_P
LNDT_histogram.pdf, id=29, 505.89pt x 505.89pt>
File: /cluster/project8/vyp/Winship_GVHD/claire/results/epi_dermis_PLN/figs/PLN
_vs_PLNDT_histogram.pdf Graphic file (type pdf)

<use /cluster/project8/vyp/Winship_GVHD/claire/results/epi_dermis_PLN/figs/PLN_
vs_PLNDT_histogram.pdf>
</cluster/project8/vyp/Winship_GVHD/claire/results/epi_dermis_PLN/figs/epidermi
s_vs_epidermisDT_coarse_module_association_graph.pdf, id=30, 505.89pt x 505.89p
t>
File: /cluster/project8/vyp/Winship_GVHD/claire/results/epi_dermis_PLN/figs/epi
dermis_vs_epidermisDT_coarse_module_association_graph.pdf Graphic file (type pd
f)

<use /cluster/project8/vyp/Winship_GVHD/claire/results/epi_dermis_PLN/figs/epid
ermis_vs_epidermisDT_coarse_module_association_graph.pdf>
</cluster/project8/vyp/Winship_GVHD/claire/results/epi_dermis_PLN/figs/epidermi
s_vs_epidermisDT_fine_module_association_graph.pdf, id=31, 505.89pt x 505.89pt>
File: /cluster/project8/vyp/Winship_GVHD/claire/results/epi_dermis_PLN/figs/epi
dermis_vs_epidermisDT_fine_module_association_graph.pdf Graphic file (type pdf)


<use /cluster/project8/vyp/Winship_GVHD/claire/results/epi_dermis_PLN/figs/epid
ermis_vs_epidermisDT_fine_module_association_graph.pdf>
</cluster/project8/vyp/Winship_GVHD/claire/results/epi_dermis_PLN/figs/PLN_vs_P
LNDT_fine_module_association_graph.pdf, id=32, 505.89pt x 505.89pt>
File: /cluster/project8/vyp/Winship_GVHD/claire/results/epi_dermis_PLN/figs/PLN
_vs_PLNDT_fine_module_association_graph.pdf Graphic file (type pdf)

<use /cluster/project8/vyp/Winship_GVHD/claire/results/epi_dermis_PLN/figs/PLN_
vs_PLNDT_fine_module_association_graph.pdf>
Overfull \hbox (39.95058pt too wide) detected at line 298
[][][] [][][][][][][][][] [][][][][][][][][] [][][][][][][][][] [][][][][][][] 

 []


Overfull \vbox (1627.38318pt too high) detected at line 298
 []

File: banners/uclbannerblack.pdf Graphic file (type pdf)
<use banners/uclbannerblack.pdf>
Overfull \hbox (26.24554pt too wide) has occurred while \output is active
 [] 
 []

LaTeX Font Info:    Font shape `OT1/phv/m/n' will be
(Font)              scaled to size 3.79999pt on input line 298.

Overfull \hbox (35.30339pt too wide) has occurred while \output is active
[]  [][][] 
 []

[1{/usr/share/texmf-var/fonts/map/pdftex/updmap/pdftex.map}

 <./banners/uclbannerblack.pdf> </cluster/project8/vyp/Winship_GVHD/claire/resu
lts/mhc1_ko/figs/PCA_prettier.pdf> </cluster/project8/vyp/Winship_GVHD/claire/r
esults/mhc1_ko/figs/PCA_prettier_outlier_removed.pdf> </cluster/project8/vyp/Wi
nship_GVHD/claire/results/mhc1_ko/figs/D7_histogram.pdf> </cluster/project8/vyp
/Winship_GVHD/claire/results/mhc1_ko/figs/D42_histogram.pdf> </cluster/project8
/vyp/Winship_GVHD/claire/results/mhc1_ko/figs/D42WT_VS_D42KO_coarse_module_asso
ciation_graph.pdf> </cluster/project8/vyp/Winship_GVHD/claire/results/mhc1_ko/f
igs/D42WT_VS_D42KO_fine_module_association_graph.pdf> </cluster/project8/vyp/Wi
nship_GVHD/claire/results/epi_dermis_PLN/figs/PCA_prettier.pdf> </cluster/proje
ct8/vyp/Winship_GVHD/claire/results/syn_allo_bmt/figs/BMT_male_vs_BMT_female_hi
stogram.pdf> </cluster/project8/vyp/Winship_GVHD/claire/results/syn_allo_bmt/fi
gs/BMT_female_vs_naive_male_histogram.pdf> </cluster/project8/vyp/Winship_GVHD/
claire/results/syn_allo_bmt/figs/BMT_male_vs_BMT_female_coarse_module_associati
on_graph.pdf> </cluster/project8/vyp/Winship_GVHD/claire/results/syn_allo_bmt/f
igs/BMT_female_vs_naive_male_coarse_module_association_graph.pdf> </cluster/pro
ject8/vyp/Winship_GVHD/claire/results/syn_allo_bmt/figs/BMT_female_vs_naive_mal
e_fine_module_association_graph.pdf> </cluster/project8/vyp/Winship_GVHD/claire
/results/syn_allo_bmt/figs/BMT_male_vs_naive_male_coarse_module_association_gra
ph.pdf> </cluster/project8/vyp/Winship_GVHD/claire/results/syn_allo_bmt/figs/BM
T_male_vs_naive_male_fine_module_association_graph.pdf> </cluster/project8/vyp/
Winship_GVHD/claire/results/syn_allo_bmt/figs/PCA_prettier.pdf> </cluster/proje
ct8/vyp/Winship_GVHD/claire/results/epi_dermis_PLN/figs/dermis_vs_dermisDT_hist
ogram.pdf> </cluster/project8/vyp/Winship_GVHD/claire/results/epi_dermis_PLN/fi
gs/epidermis_vs_epidermisDT_histogram.pdf> </cluster/project8/vyp/Winship_GVHD/
claire/results/epi_dermis_PLN/figs/PLN_vs_PLNDT_histogram.pdf> </cluster/projec
t8/vyp/Winship_GVHD/claire/results/epi_dermis_PLN/figs/epidermis_vs_epidermisDT
_coarse_module_association_graph.pdf> </cluster/project8/vyp/Winship_GVHD/clair
e/results/epi_dermis_PLN/figs/epidermis_vs_epidermisDT_fine_module_association_
graph.pdf> </cluster/project8/vyp/Winship_GVHD/claire/results/epi_dermis_PLN/fi
gs/PLN_vs_PLNDT_fine_module_association_graph.pdf>]
\tf@nav=\write6
\openout6 = `Winship.nav'.

\tf@toc=\write7
\openout7 = `Winship.toc'.

\tf@snm=\write8
\openout8 = `Winship.snm'.

 (./Winship.aux) ) 
Here is how much of TeX's memory you used:
 9342 strings out of 94500
 158970 string characters out of 1176766
 323741 words of memory out of 1000000
 12222 multiletter control sequences out of 10000+50000
 44306 words of font info for 108 fonts, out of 500000 for 2000
 580 hyphenation exceptions out of 1000
 53i,15n,66p,807b,919s stack positions out of 1500i,500n,5000p,200000b,5000s
PDF statistics:
 180 PDF objects out of 300000
 3 named destinations out of 131072
 147 words of extra memory for PDF output out of 65536
{/usr/share/texmf/fonts/enc/dvips/psnfss/8r.enc}</usr/share/t
exmf/fonts/type1/urw/helvetic/uhvbo8a.pfb></usr/share/texmf/fonts/type1/urw/hel
vetic/uhvb8a.pfb></usr/share/texmf/fonts/type1/urw/helvetic/uhvr8a.pfb>
Output written on Winship.pdf (1 page, 215201 bytes).
